#
# A fatal error has been detected by the Java Runtime Environment:
#
#  EXCEPTION_ACCESS_VIOLATION (0xc0000005) at pc=0x0000000072c7ff93, pid=7936, tid=0x0000000000005210
#
# JRE version: Java(TM) SE Runtime Environment (8.0_301-b09) (build 1.8.0_301-b09)
# Java VM: Java HotSpot(TM) 64-Bit Server VM (25.301-b09 mixed mode windows-amd64 compressed oops)
# Problematic frame:
# V  [jvm.dll+0x2cff93]
#
# Failed to write core dump. Minidumps are not enabled by default on client versions of Windows
#
# If you would like to submit a bug report, please visit:
#   http://bugreport.java.com/bugreport/crash.jsp
#

---------------  T H R E A D  ---------------

Current thread (0x00000265414e4000):  JavaThread "FileSystemWatcher: files=#50 cl=sun.misc.Launcher$AppClassLoader@18b4aac2" daemon [_thread_in_vm, id=21008, stack(0x000000aa84500000,0x000000aa84600000)]

siginfo: ExceptionCode=0xc0000005, reading address 0x0000026500000008

Registers:
RAX=0x000002652d465720, RBX=0x000000aa845fd0d0, RCX=0x000000aa845fd0d0, RDX=0x000002652d425720
RSP=0x000000aa845fcf50, RBP=0x000000aa845fd090, RSI=0x000000aa845fd100, RDI=0x000000aa845fd010
R8 =0x0000026500000000, R9 =0x00000265414e4000, R10=0x0000000000000010, R11=0x00000000ffffffff
R12=0x00000265413c0ab0, R13=0x0000000000000000, R14=0x00000265487741d8, R15=0x0000000000000000
RIP=0x0000000072c7ff93, EFLAGS=0x0000000000010246

Top of Stack: (sp=0x000000aa845fcf50)
0x000000aa845fcf50:   000000aa845fd050 0000000072a2746c
0x000000aa845fcf60:   00000265487741d8 0000000000000000
0x000000aa845fcf70:   0000000000000000 00000265414e4000
0x000000aa845fcf80:   000002653ee78020 0000000072a23fb7
0x000000aa845fcf90:   000000aa845fd090 00000265487741d8
0x000000aa845fcfa0:   000000aa845fd090 00000265414e4000
0x000000aa845fcfb0:   000000012d970101 000004000052a201
0x000000aa845fcfc0:   000000aa845fd730 00000265412893f0
0x000000aa845fcfd0:   000002652d919ae8 000000000000000b
0x000000aa845fcfe0:   000002652d919790 0000000000000000
0x000000aa845fcff0:   000002652d919790 00000000000003d8
0x000000aa845fd000:   00000265412894a0 00000265412897d8
0x000000aa845fd010:   000000aa845fe980 00000265414e4000
0x000000aa845fd020:   0000000000000000 000000aa00000000
0x000000aa845fd030:   0000026500000000 000000aa845fe980
0x000000aa845fd040:   00000265414e4000 000000000000000c 

Instructions: (pc=0x0000000072c7ff93)
0x0000000072c7ff73:   89 2b 48 89 6b 28 4c 89 7b 08 e8 2e 60 dc ff 4c
0x0000000072c7ff83:   8b 7c 24 50 e9 43 ff ff ff 4c 8b 47 20 48 8b cb
0x0000000072c7ff93:   4d 8b 48 08 49 8d 50 10 4d 8b 00 e8 9d 0e d5 ff
0x0000000072c7ffa3:   48 8b 6c 24 40 48 8b c3 4c 8b 74 24 48 48 83 c4 


Register to memory mapping:

RAX=0x000002652d465720 is an unknown value
RBX=0x000000aa845fd0d0 is pointing into the stack for thread: 0x00000265414e4000
RCX=0x000000aa845fd0d0 is pointing into the stack for thread: 0x00000265414e4000
RDX=0x000002652d425720 is pointing into interpreter code (not bytecode specific)
RSP=0x000000aa845fcf50 is pointing into the stack for thread: 0x00000265414e4000
RBP=0x000000aa845fd090 is pointing into the stack for thread: 0x00000265414e4000
RSI=0x000000aa845fd100 is pointing into the stack for thread: 0x00000265414e4000
RDI=0x000000aa845fd010 is pointing into the stack for thread: 0x00000265414e4000
R8 =0x0000026500000000 is an unknown value
R9 =0x00000265414e4000 is a thread
R10=0x0000000000000010 is an unknown value
R11=0x00000000ffffffff is an unknown value
R12=0x00000265413c0ab0 is an unknown value
R13=0x0000000000000000 is an unknown value
R14={method} {0x00000265487741e0} '___clinit___' '()V' in 'hr/PersonService$$ESepvpnZ'
R15=0x0000000000000000 is an unknown value


Stack: [0x000000aa84500000,0x000000aa84600000],  sp=0x000000aa845fcf50,  free space=1011k
Native frames: (J=compiled Java code, j=interpreted, Vv=VM code, C=native code)
V  [jvm.dll+0x2cff93]
V  [jvm.dll+0x73fb7]
V  [jvm.dll+0x73a99]
V  [jvm.dll+0x188e73]
C  [java.dll+0x8102]
C  0x000002652d7534d4

Java frames: (J=compiled Java code, j=interpreted, Vv=VM code)
J 554  java.lang.Throwable.fillInStackTrace(I)Ljava/lang/Throwable; (0 bytes) @ 0x000002652d75343b [0x000002652d753400+0x3b]
J 553 C1 java.lang.Throwable.fillInStackTrace()Ljava/lang/Throwable; (29 bytes) @ 0x000002652d753f24 [0x000002652d753e00+0x124]
J 1645 C1 java.lang.Throwable.<init>(Ljava/lang/String;)V (34 bytes) @ 0x000002652d9199a4 [0x000002652d919900+0xa4]
j  java.lang.Error.<init>(Ljava/lang/String;)V+2
j  java.lang.LinkageError.<init>(Ljava/lang/String;)V+2
j  java.lang.IncompatibleClassChangeError.<init>(Ljava/lang/String;)V+2
j  java.lang.NoSuchMethodError.<init>(Ljava/lang/String;)V+2
v  ~StubRoutines::call_stub
j  hr.PersonService$$ESepvpnZ.___clinit___()V+49
C  0x00000000f6cbb7f0
V  [jvm.dll+0x20b6b8]
C  0x00000265414e4000

[error occurred during error reporting (printing Java stack), id 0xc0000005]


---------------  P R O C E S S  ---------------

Java Threads: ( => current thread )
  0x00000265450c1000 JavaThread "DestroyJavaVM" [_thread_blocked, id=21592, stack(0x000000aa83200000,0x000000aa83300000)]
  0x00000265450c7800 JavaThread "Thread-8" daemon [_thread_blocked, id=22520, stack(0x000000aa85f00000,0x000000aa86000000)]
  0x00000265450bf800 JavaThread "Thread-10" [_thread_blocked, id=19664, stack(0x000000aa85e00000,0x000000aa85f00000)]
  0x00000265450c6000 JavaThread "Thread-9" daemon [_thread_in_native, id=21032, stack(0x000000aa85d00000,0x000000aa85e00000)]
  0x00000265450c2800 JavaThread "http-nio-8080-AsyncTimeout" daemon [_thread_blocked, id=17284, stack(0x000000aa85c00000,0x000000aa85d00000)]
  0x00000265450c4000 JavaThread "http-nio-8080-Acceptor-0" daemon [_thread_in_native, id=14324, stack(0x000000aa85b00000,0x000000aa85c00000)]
  0x00000265450c5800 JavaThread "http-nio-8080-ClientPoller-1" daemon [_thread_in_native, id=12364, stack(0x000000aa85a00000,0x000000aa85b00000)]
  0x00000265450be800 JavaThread "http-nio-8080-ClientPoller-0" daemon [_thread_in_native, id=8812, stack(0x000000aa85900000,0x000000aa85a00000)]
  0x00000265450c3000 JavaThread "http-nio-8080-exec-10" daemon [_thread_blocked, id=4340, stack(0x000000aa85800000,0x000000aa85900000)]
  0x00000265450c0000 JavaThread "http-nio-8080-exec-9" daemon [_thread_blocked, id=18912, stack(0x000000aa85700000,0x000000aa85800000)]
  0x000002654507e000 JavaThread "http-nio-8080-exec-8" daemon [_thread_blocked, id=22332, stack(0x000000aa85600000,0x000000aa85700000)]
  0x000002654507f800 JavaThread "http-nio-8080-exec-7" daemon [_thread_blocked, id=21496, stack(0x000000aa85500000,0x000000aa85600000)]
  0x0000026545080800 JavaThread "http-nio-8080-exec-6" daemon [_thread_blocked, id=14544, stack(0x000000aa85400000,0x000000aa85500000)]
  0x0000026545081000 JavaThread "http-nio-8080-exec-5" daemon [_thread_blocked, id=100, stack(0x000000aa85300000,0x000000aa85400000)]
  0x000002654507f000 JavaThread "http-nio-8080-exec-4" daemon [_thread_blocked, id=20592, stack(0x000000aa85200000,0x000000aa85300000)]
  0x0000026545091000 JavaThread "http-nio-8080-exec-3" daemon [_thread_blocked, id=13364, stack(0x000000aa85100000,0x000000aa85200000)]
  0x0000026545090800 JavaThread "http-nio-8080-exec-2" daemon [_thread_blocked, id=15300, stack(0x000000aa85000000,0x000000aa85100000)]
  0x000002654508f800 JavaThread "http-nio-8080-exec-1" daemon [_thread_blocked, id=15056, stack(0x000000aa84f00000,0x000000aa85000000)]
  0x000002654508d000 JavaThread "NioBlockingSelector.BlockPoller-1" daemon [_thread_in_native, id=16720, stack(0x000000aa84e00000,0x000000aa84f00000)]
  0x0000026544e36000 JavaThread "container-0" [_thread_blocked, id=17124, stack(0x000000aa84d00000,0x000000aa84e00000)]
  0x000002654282f000 JavaThread "ContainerBackgroundProcessor[StandardEngine[Tomcat]]" daemon [_thread_blocked, id=7664, stack(0x000000aa84c00000,0x000000aa84d00000)]
  0x00000265449ae800 JavaThread "InterruptTimer" daemon [_thread_blocked, id=3448, stack(0x000000aa84900000,0x000000aa84a00000)]
  0x00000265420f3800 JavaThread "oracle.jdbc.driver.BlockSource.ThreadedCachingBlockSource.BlockReleaser" daemon [_thread_blocked, id=14088, stack(0x000000aa84800000,0x000000aa84900000)]
  0x00000265412b2800 JavaThread "Timer-0" daemon [_thread_blocked, id=6840, stack(0x000000aa84700000,0x000000aa84800000)]
  0x0000026540e4e800 JavaThread "Tomcat JDBC Pool Cleaner[414493378:1627818545078]" daemon [_thread_blocked, id=6528, stack(0x000000aa84600000,0x000000aa84700000)]
=>0x00000265414e4000 JavaThread "FileSystemWatcher: files=#50 cl=sun.misc.Launcher$AppClassLoader@18b4aac2" daemon [_thread_in_vm, id=21008, stack(0x000000aa84500000,0x000000aa84600000)]
  0x0000026541291000 JavaThread "Service Thread" daemon [_thread_blocked, id=17324, stack(0x000000aa84300000,0x000000aa84400000)]
  0x0000026541288800 JavaThread "C1 CompilerThread2" daemon [_thread_blocked, id=13144, stack(0x000000aa84200000,0x000000aa84300000)]
  0x0000026541290000 JavaThread "C2 CompilerThread1" daemon [_thread_blocked, id=20552, stack(0x000000aa84100000,0x000000aa84200000)]
  0x000002654128f800 JavaThread "C2 CompilerThread0" daemon [_thread_blocked, id=14976, stack(0x000000aa84000000,0x000000aa84100000)]
  0x000002653ee6d800 JavaThread "Attach Listener" daemon [_thread_blocked, id=7728, stack(0x000000aa83f00000,0x000000aa84000000)]
  0x000002653ee6c000 JavaThread "Signal Dispatcher" daemon [_thread_blocked, id=21924, stack(0x000000aa83e00000,0x000000aa83f00000)]
  0x000002653ee48000 JavaThread "Finalizer" daemon [_thread_blocked, id=13476, stack(0x000000aa83d00000,0x000000aa83e00000)]
  0x000002653ee40800 JavaThread "Reference Handler" daemon [_thread_blocked, id=13908, stack(0x000000aa83c00000,0x000000aa83d00000)]

Other Threads:
  0x000002653ee16800 VMThread [stack: 0x000000aa83b00000,0x000000aa83c00000] [id=19500]
  0x0000026541298000 WatcherThread [stack: 0x000000aa84400000,0x000000aa84500000] [id=11632]

VM state:not at safepoint (normal execution)

VM Mutex/Monitor currently owned by a thread: None

heap address: 0x00000000d0000000, size: 768 MB, Compressed Oops mode: 32-bit
Narrow klass base: 0x0000000000000000, Narrow klass shift: 3
Compressed class space size: 1073741824 Address: 0x0000000100000000

Heap:
 PSYoungGen      total 219136K, used 147851K [0x00000000f0000000, 0x0000000100000000, 0x0000000100000000)
  eden space 182272K, 61% used [0x00000000f0000000,0x00000000f6cc4308,0x00000000fb200000)
  from space 36864K, 98% used [0x00000000fb200000,0x00000000fd59ebb8,0x00000000fd600000)
  to   space 43008K, 0% used [0x00000000fd600000,0x00000000fd600000,0x0000000100000000)
 ParOldGen       total 524288K, used 65139K [0x00000000d0000000, 0x00000000f0000000, 0x00000000f0000000)
  object space 524288K, 12% used [0x00000000d0000000,0x00000000d3f9cd48,0x00000000f0000000)
 Metaspace       used 74577K, capacity 76762K, committed 76824K, reserved 1116160K
  class space    used 9017K, capacity 9721K, committed 9776K, reserved 1048576K

Card table byte_map: [0x000002653c7e0000,0x000002653c970000] byte_map_base: 0x000002653c160000

Marking Bits: (ParMarkBitMap*) 0x0000000073197fe0
 Begin Bits: [0x000002653ca70000, 0x000002653d670000)
 End Bits:   [0x000002653d670000, 0x000002653e270000)

Polling page: 0x000002652baa0000

CodeCache: size=245760Kb used=17081Kb max_used=17081Kb free=228678Kb
 bounds [0x000002652d420000, 0x000002652e4e0000, 0x000002653c420000]
 total_blobs=8309 nmethods=7470 adapters=750
 compilation: enabled

Compilation events (10 events):
Event: 749.309 Thread 0x0000026541288800 7636       1       sl.org.objectweb.asm.tree.MethodNode::getLabelNode (29 bytes)
Event: 749.309 Thread 0x0000026541288800 nmethod 7636 0x000002652e4d0990 code [0x000002652e4d0ae0, 0x000002652e4d0cf8]
Event: 749.309 Thread 0x0000026541288800 7637       1       sl.org.objectweb.asm.tree.AbstractInsnNode::getOpcode (5 bytes)
Event: 749.309 Thread 0x0000026541288800 nmethod 7637 0x000002652e4d0dd0 code [0x000002652e4d0f20, 0x000002652e4d1038]
Event: 749.322 Thread 0x0000026541288800 7638       1       org.springsource.loaded.MethodMember::equals (168 bytes)
Event: 749.322 Thread 0x0000026541288800 nmethod 7638 0x000002652e4d1090 code [0x000002652e4d1240, 0x000002652e4d1640]
Event: 749.324 Thread 0x0000026541288800 7639       1       sl.org.objectweb.asm.tree.MethodNode::visitMethodInsn (43 bytes)
Event: 749.325 Thread 0x0000026541288800 nmethod 7639 0x000002652e4d1910 code [0x000002652e4d1a80, 0x000002652e4d1cc0]
Event: 749.325 Thread 0x0000026541288800 7640       1       sl.org.objectweb.asm.tree.MethodInsnNode::<init> (28 bytes)
Event: 749.325 Thread 0x0000026541288800 nmethod 7640 0x000002652e4d1e10 code [0x000002652e4d1f60, 0x000002652e4d20b8]

GC Heap History (10 events):
Event: 28.909 GC heap before
{Heap before GC invocations=28 (full 3):
 PSYoungGen      total 229376K, used 206753K [0x00000000f0000000, 0x0000000100000000, 0x0000000100000000)
  eden space 195072K, 100% used [0x00000000f0000000,0x00000000fbe80000,0x00000000fbe80000)
  from space 34304K, 34% used [0x00000000fde80000,0x00000000fe9e87d8,0x0000000100000000)
  to   space 32768K, 0% used [0x00000000fbe80000,0x00000000fbe80000,0x00000000fde80000)
 ParOldGen       total 524288K, used 65099K [0x00000000d0000000, 0x00000000f0000000, 0x00000000f0000000)
  object space 524288K, 12% used [0x00000000d0000000,0x00000000d3f92d48,0x00000000f0000000)
 Metaspace       used 65618K, capacity 66630K, committed 67096K, reserved 1107968K
  class space    used 7605K, capacity 7860K, committed 7984K, reserved 1048576K
Event: 28.917 GC heap after
Heap after GC invocations=28 (full 3):
 PSYoungGen      total 227840K, used 16465K [0x00000000f0000000, 0x0000000100000000, 0x0000000100000000)
  eden space 195072K, 0% used [0x00000000f0000000,0x00000000f0000000,0x00000000fbe80000)
  from space 32768K, 50% used [0x00000000fbe80000,0x00000000fce94578,0x00000000fde80000)
  to   space 31744K, 0% used [0x00000000fe100000,0x00000000fe100000,0x0000000100000000)
 ParOldGen       total 524288K, used 65107K [0x00000000d0000000, 0x00000000f0000000, 0x00000000f0000000)
  object space 524288K, 12% used [0x00000000d0000000,0x00000000d3f94d48,0x00000000f0000000)
 Metaspace       used 65618K, capacity 66630K, committed 67096K, reserved 1107968K
  class space    used 7605K, capacity 7860K, committed 7984K, reserved 1048576K
}
Event: 29.659 GC heap before
{Heap before GC invocations=29 (full 3):
 PSYoungGen      total 227840K, used 211537K [0x00000000f0000000, 0x0000000100000000, 0x0000000100000000)
  eden space 195072K, 100% used [0x00000000f0000000,0x00000000fbe80000,0x00000000fbe80000)
  from space 32768K, 50% used [0x00000000fbe80000,0x00000000fce94578,0x00000000fde80000)
  to   space 31744K, 0% used [0x00000000fe100000,0x00000000fe100000,0x0000000100000000)
 ParOldGen       total 524288K, used 65107K [0x00000000d0000000, 0x00000000f0000000, 0x00000000f0000000)
  object space 524288K, 12% used [0x00000000d0000000,0x00000000d3f94d48,0x00000000f0000000)
 Metaspace       used 66800K, capacity 67918K, committed 68248K, reserved 1110016K
  class space    used 7810K, capacity 8107K, committed 8112K, reserved 1048576K
Event: 29.669 GC heap after
Heap after GC invocations=29 (full 3):
 PSYoungGen      total 226304K, used 23982K [0x00000000f0000000, 0x0000000100000000, 0x0000000100000000)
  eden space 194560K, 0% used [0x00000000f0000000,0x00000000f0000000,0x00000000fbe00000)
  from space 31744K, 75% used [0x00000000fe100000,0x00000000ff86b930,0x0000000100000000)
  to   space 33792K, 0% used [0x00000000fbe00000,0x00000000fbe00000,0x00000000fdf00000)
 ParOldGen       total 524288K, used 65115K [0x00000000d0000000, 0x00000000f0000000, 0x00000000f0000000)
  object space 524288K, 12% used [0x00000000d0000000,0x00000000d3f96d48,0x00000000f0000000)
 Metaspace       used 66800K, capacity 67918K, committed 68248K, reserved 1110016K
  class space    used 7810K, capacity 8107K, committed 8112K, reserved 1048576K
}
Event: 30.639 GC heap before
{Heap before GC invocations=30 (full 3):
 PSYoungGen      total 226304K, used 218542K [0x00000000f0000000, 0x0000000100000000, 0x0000000100000000)
  eden space 194560K, 100% used [0x00000000f0000000,0x00000000fbe00000,0x00000000fbe00000)
  from space 31744K, 75% used [0x00000000fe100000,0x00000000ff86b930,0x0000000100000000)
  to   space 33792K, 0% used [0x00000000fbe00000,0x00000000fbe00000,0x00000000fdf00000)
 ParOldGen       total 524288K, used 65115K [0x00000000d0000000, 0x00000000f0000000, 0x00000000f0000000)
  object space 524288K, 12% used [0x00000000d0000000,0x00000000d3f96d48,0x00000000f0000000)
 Metaspace       used 70270K, capacity 71464K, committed 71576K, reserved 1112064K
  class space    used 8265K, capacity 8599K, committed 8624K, reserved 1048576K
Event: 30.655 GC heap after
Heap after GC invocations=30 (full 3):
 PSYoungGen      total 223232K, used 28172K [0x00000000f0000000, 0x0000000100000000, 0x0000000100000000)
  eden space 194560K, 0% used [0x00000000f0000000,0x00000000f0000000,0x00000000fbe00000)
  from space 28672K, 98% used [0x00000000fbe00000,0x00000000fd983310,0x00000000fda00000)
  to   space 36352K, 0% used [0x00000000fdc80000,0x00000000fdc80000,0x0000000100000000)
 ParOldGen       total 524288K, used 65123K [0x00000000d0000000, 0x00000000f0000000, 0x00000000f0000000)
  object space 524288K, 12% used [0x00000000d0000000,0x00000000d3f98d48,0x00000000f0000000)
 Metaspace       used 70270K, capacity 71464K, committed 71576K, reserved 1112064K
  class space    used 8265K, capacity 8599K, committed 8624K, reserved 1048576K
}
Event: 31.505 GC heap before
{Heap before GC invocations=31 (full 3):
 PSYoungGen      total 223232K, used 222732K [0x00000000f0000000, 0x0000000100000000, 0x0000000100000000)
  eden space 194560K, 100% used [0x00000000f0000000,0x00000000fbe00000,0x00000000fbe00000)
  from space 28672K, 98% used [0x00000000fbe00000,0x00000000fd983310,0x00000000fda00000)
  to   space 36352K, 0% used [0x00000000fdc80000,0x00000000fdc80000,0x0000000100000000)
 ParOldGen       total 524288K, used 65123K [0x00000000d0000000, 0x00000000f0000000, 0x00000000f0000000)
  object space 524288K, 12% used [0x00000000d0000000,0x00000000d3f98d48,0x00000000f0000000)
 Metaspace       used 71766K, capacity 73292K, committed 73496K, reserved 1114112K
  class space    used 8516K, capacity 8992K, committed 9008K, reserved 1048576K
Event: 31.520 GC heap after
Heap after GC invocations=31 (full 3):
 PSYoungGen      total 218624K, used 31131K [0x00000000f0000000, 0x0000000100000000, 0x0000000100000000)
  eden space 182272K, 0% used [0x00000000f0000000,0x00000000f0000000,0x00000000fb200000)
  from space 36352K, 85% used [0x00000000fdc80000,0x00000000ffae6d70,0x0000000100000000)
  to   space 39936K, 0% used [0x00000000fb200000,0x00000000fb200000,0x00000000fd900000)
 ParOldGen       total 524288K, used 65131K [0x00000000d0000000, 0x00000000f0000000, 0x00000000f0000000)
  object space 524288K, 12% used [0x00000000d0000000,0x00000000d3f9ad48,0x00000000f0000000)
 Metaspace       used 71766K, capacity 73292K, committed 73496K, reserved 1114112K
  class space    used 8516K, capacity 8992K, committed 9008K, reserved 1048576K
}
Event: 747.780 GC heap before
{Heap before GC invocations=32 (full 3):
 PSYoungGen      total 218624K, used 213403K [0x00000000f0000000, 0x0000000100000000, 0x0000000100000000)
  eden space 182272K, 100% used [0x00000000f0000000,0x00000000fb200000,0x00000000fb200000)
  from space 36352K, 85% used [0x00000000fdc80000,0x00000000ffae6d70,0x0000000100000000)
  to   space 39936K, 0% used [0x00000000fb200000,0x00000000fb200000,0x00000000fd900000)
 ParOldGen       total 524288K, used 65131K [0x00000000d0000000, 0x00000000f0000000, 0x00000000f0000000)
  object space 524288K, 12% used [0x00000000d0000000,0x00000000d3f9ad48,0x00000000f0000000)
 Metaspace       used 73448K, capacity 75512K, committed 75672K, reserved 1116160K
  class space    used 8870K, capacity 9535K, committed 9648K, reserved 1048576K
Event: 747.831 GC heap after
Heap after GC invocations=32 (full 3):
 PSYoungGen      total 219136K, used 36474K [0x00000000f0000000, 0x0000000100000000, 0x0000000100000000)
  eden space 182272K, 0% used [0x00000000f0000000,0x00000000f0000000,0x00000000fb200000)
  from space 36864K, 98% used [0x00000000fb200000,0x00000000fd59ebb8,0x00000000fd600000)
  to   space 43008K, 0% used [0x00000000fd600000,0x00000000fd600000,0x0000000100000000)
 ParOldGen       total 524288K, used 65139K [0x00000000d0000000, 0x00000000f0000000, 0x00000000f0000000)
  object space 524288K, 12% used [0x00000000d0000000,0x00000000d3f9cd48,0x00000000f0000000)
 Metaspace       used 73448K, capacity 75512K, committed 75672K, reserved 1116160K
  class space    used 8870K, capacity 9535K, committed 9648K, reserved 1048576K
}

Deoptimization events (0 events):
No events

Classes redefined (0 events):
No events

Internal exceptions (10 events):
Event: 748.603 Thread 0x00000265450bf800 Exception <a 'java/lang/ArrayIndexOutOfBoundsException'> (0x00000000f6513910) thrown at [C:\jenkins\workspace\8-2-build-windows-amd64-cygwin\jdk8u301\1513\hotspot\src\share\vm\runtime\sharedRuntime.cpp, line 609]
Event: 748.604 Thread 0x00000265450bf800 Exception <a 'java/lang/ArrayIndexOutOfBoundsException'> (0x00000000f6515400) thrown at [C:\jenkins\workspace\8-2-build-windows-amd64-cygwin\jdk8u301\1513\hotspot\src\share\vm\runtime\sharedRuntime.cpp, line 609]
Event: 748.604 Thread 0x00000265450bf800 Exception <a 'java/lang/ArrayIndexOutOfBoundsException'> (0x00000000f6517390) thrown at [C:\jenkins\workspace\8-2-build-windows-amd64-cygwin\jdk8u301\1513\hotspot\src\share\vm\runtime\sharedRuntime.cpp, line 609]
Event: 748.604 Thread 0x00000265450bf800 Exception <a 'java/lang/ArrayIndexOutOfBoundsException'> (0x00000000f651b768) thrown at [C:\jenkins\workspace\8-2-build-windows-amd64-cygwin\jdk8u301\1513\hotspot\src\share\vm\runtime\sharedRuntime.cpp, line 609]
Event: 748.604 Thread 0x00000265450bf800 Exception <a 'java/lang/ArrayIndexOutOfBoundsException'> (0x00000000f651ca70) thrown at [C:\jenkins\workspace\8-2-build-windows-amd64-cygwin\jdk8u301\1513\hotspot\src\share\vm\runtime\sharedRuntime.cpp, line 609]
Event: 748.604 Thread 0x00000265450bf800 Exception <a 'java/lang/ArrayIndexOutOfBoundsException'> (0x00000000f651db30) thrown at [C:\jenkins\workspace\8-2-build-windows-amd64-cygwin\jdk8u301\1513\hotspot\src\share\vm\runtime\sharedRuntime.cpp, line 609]
Event: 748.604 Thread 0x00000265450bf800 Exception <a 'java/lang/ArrayIndexOutOfBoundsException'> (0x00000000f651f830) thrown at [C:\jenkins\workspace\8-2-build-windows-amd64-cygwin\jdk8u301\1513\hotspot\src\share\vm\runtime\sharedRuntime.cpp, line 609]
Event: 748.604 Thread 0x00000265450bf800 Exception <a 'java/lang/ArrayIndexOutOfBoundsException'> (0x00000000f6521858) thrown at [C:\jenkins\workspace\8-2-build-windows-amd64-cygwin\jdk8u301\1513\hotspot\src\share\vm\runtime\sharedRuntime.cpp, line 609]
Event: 748.604 Thread 0x00000265450bf800 Exception <a 'java/lang/ArrayIndexOutOfBoundsException'> (0x00000000f6522f88) thrown at [C:\jenkins\workspace\8-2-build-windows-amd64-cygwin\jdk8u301\1513\hotspot\src\share\vm\runtime\sharedRuntime.cpp, line 609]
Event: 748.604 Thread 0x00000265450bf800 Exception <a 'java/lang/ArrayIndexOutOfBoundsException'> (0x00000000f6525020) thrown at [C:\jenkins\workspace\8-2-build-windows-amd64-cygwin\jdk8u301\1513\hotspot\src\share\vm\runtime\sharedRuntime.cpp, line 609]

Events (10 events):
Event: 748.638 loading class org/codehaus/groovy/classgen/asm/ExpressionAsVariableSlot
Event: 748.638 loading class org/codehaus/groovy/classgen/asm/ExpressionAsVariableSlot done
Event: 748.640 loading class org/codehaus/groovy/classgen/asm/sc/StaticTypesClosureWriter$MethodTargetCompletionVisitor
Event: 748.640 loading class org/codehaus/groovy/classgen/asm/sc/StaticTypesClosureWriter$MethodTargetCompletionVisitor done
Event: 748.665 loading class org/codehaus/groovy/runtime/typehandling/DefaultTypeTransformation
Event: 748.665 loading class org/codehaus/groovy/runtime/typehandling/DefaultTypeTransformation done
Event: 749.328 loading class hr/PersonService$1
Event: 749.328 loading class hr/PersonService$1 done
Event: 749.332 loading class org/springsource/loaded/ri/StaticLookup
Event: 749.332 loading class org/springsource/loaded/ri/StaticLookup done


Dynamic libraries:
0x00007ff696140000 - 0x00007ff696187000 	C:\Program Files\Java\jdk1.8.0_301\bin\java.exe
0x00007fff191e0000 - 0x00007fff193d0000 	C:\WINDOWS\SYSTEM32\ntdll.dll
0x00007fff17c40000 - 0x00007fff17cf2000 	C:\WINDOWS\System32\KERNEL32.DLL
0x00007fff16ab0000 - 0x00007fff16d55000 	C:\WINDOWS\System32\KERNELBASE.dll
0x00007fff190f0000 - 0x00007fff19193000 	C:\WINDOWS\System32\ADVAPI32.dll
0x00007fff17770000 - 0x00007fff1780e000 	C:\WINDOWS\System32\msvcrt.dll
0x00007fff17db0000 - 0x00007fff17e47000 	C:\WINDOWS\System32\sechost.dll
0x00007fff174f0000 - 0x00007fff1760f000 	C:\WINDOWS\System32\RPCRT4.dll
0x00007fff17aa0000 - 0x00007fff17c34000 	C:\WINDOWS\System32\USER32.dll
0x00007fff17260000 - 0x00007fff17281000 	C:\WINDOWS\System32\win32u.dll
0x00007fff174c0000 - 0x00007fff174e6000 	C:\WINDOWS\System32\GDI32.dll
0x00007fff16f10000 - 0x00007fff170a8000 	C:\WINDOWS\System32\gdi32full.dll
0x00007fff16900000 - 0x00007fff1699e000 	C:\WINDOWS\System32\msvcp_win.dll
0x00007fff170b0000 - 0x00007fff171aa000 	C:\WINDOWS\System32\ucrtbase.dll
0x00007fff002a0000 - 0x00007fff00524000 	C:\WINDOWS\WinSxS\amd64_microsoft.windows.common-controls_6595b64144ccf1df_6.0.18362.1556_none_9e7e372fe45e41d5\COMCTL32.dll
0x00007fff18730000 - 0x00007fff18a66000 	C:\WINDOWS\System32\combase.dll
0x00007fff171d0000 - 0x00007fff17251000 	C:\WINDOWS\System32\bcryptPrimitives.dll
0x00007fff17d00000 - 0x00007fff17d2e000 	C:\WINDOWS\System32\IMM32.DLL
0x00007ffef2370000 - 0x00007ffef2385000 	C:\Program Files\Java\jdk1.8.0_301\jre\bin\vcruntime140.dll
0x00007ffed5ed0000 - 0x00007ffed5f6b000 	C:\Program Files\Java\jdk1.8.0_301\jre\bin\msvcp140.dll
0x00000000729b0000 - 0x0000000073210000 	C:\Program Files\Java\jdk1.8.0_301\jre\bin\server\jvm.dll
0x00007fff17d40000 - 0x00007fff17d48000 	C:\WINDOWS\System32\PSAPI.DLL
0x00007fff12480000 - 0x00007fff124a4000 	C:\WINDOWS\SYSTEM32\WINMM.dll
0x00007fff011b0000 - 0x00007fff011b9000 	C:\WINDOWS\SYSTEM32\WSOCK32.dll
0x00007fff112a0000 - 0x00007fff112aa000 	C:\WINDOWS\SYSTEM32\VERSION.dll
0x00007fff17810000 - 0x00007fff1787f000 	C:\WINDOWS\System32\WS2_32.dll
0x00007fff12450000 - 0x00007fff1247d000 	C:\WINDOWS\SYSTEM32\winmmbase.dll
0x00007fff16d60000 - 0x00007fff16daa000 	C:\WINDOWS\System32\cfgmgr32.dll
0x00007fff160a0000 - 0x00007fff160b1000 	C:\WINDOWS\System32\kernel.appcore.dll
0x00007fff109d0000 - 0x00007fff109e0000 	C:\Program Files\Java\jdk1.8.0_301\jre\bin\verify.dll
0x00007ffed7470000 - 0x00007ffed749b000 	C:\Program Files\Java\jdk1.8.0_301\jre\bin\java.dll
0x00007fff00cb0000 - 0x00007fff00ce0000 	C:\Program Files\Java\jdk1.8.0_301\jre\bin\instrument.dll
0x00007ffed7450000 - 0x00007ffed7468000 	C:\Program Files\Java\jdk1.8.0_301\jre\bin\zip.dll
0x00007fff17e60000 - 0x00007fff18547000 	C:\WINDOWS\System32\SHELL32.dll
0x00007fff18550000 - 0x00007fff185f8000 	C:\WINDOWS\System32\shcore.dll
0x00007fff16150000 - 0x00007fff168cb000 	C:\WINDOWS\System32\windows.storage.dll
0x00007fff16110000 - 0x00007fff1612e000 	C:\WINDOWS\System32\profapi.dll
0x00007fff160c0000 - 0x00007fff1610a000 	C:\WINDOWS\System32\powrprof.dll
0x00007fff16090000 - 0x00007fff160a0000 	C:\WINDOWS\System32\UMPDC.dll
0x00007fff17880000 - 0x00007fff178d2000 	C:\WINDOWS\System32\shlwapi.dll
0x00007fff171b0000 - 0x00007fff171c7000 	C:\WINDOWS\System32\cryptsp.dll
0x00007ffed5eb0000 - 0x00007ffed5ecc000 	C:\Program Files\Java\jdk1.8.0_301\jre\bin\net.dll
0x00007fff158d0000 - 0x00007fff15937000 	C:\WINDOWS\system32\mswsock.dll
0x00007ffef76f0000 - 0x00007ffef7706000 	C:\WINDOWS\system32\napinsp.dll
0x00007ffef76d0000 - 0x00007ffef76ea000 	C:\WINDOWS\system32\pnrpnsp.dll
0x00007fff15620000 - 0x00007fff156eb000 	C:\WINDOWS\SYSTEM32\DNSAPI.dll
0x00007fff17d30000 - 0x00007fff17d38000 	C:\WINDOWS\System32\NSI.dll
0x00007fff155e0000 - 0x00007fff1561a000 	C:\WINDOWS\SYSTEM32\IPHLPAPI.DLL
0x00007ffef76c0000 - 0x00007ffef76ce000 	C:\WINDOWS\System32\winrnr.dll
0x00007fff12120000 - 0x00007fff1213c000 	C:\WINDOWS\system32\NLAapi.dll
0x00007ffef76a0000 - 0x00007ffef76b5000 	C:\WINDOWS\system32\wshbth.dll
0x0000000074f10000 - 0x0000000074f36000 	C:\Program Files\Bonjour\mdnsNSP.dll
0x00007fff059f0000 - 0x00007fff059fa000 	C:\Windows\System32\rasadhlp.dll
0x00007fff0c540000 - 0x00007fff0c5b7000 	C:\WINDOWS\System32\fwpuclnt.dll
0x00007fff168d0000 - 0x00007fff168f6000 	C:\WINDOWS\System32\bcrypt.dll
0x00007fff05270000 - 0x00007fff0527d000 	C:\Program Files\Java\jdk1.8.0_301\jre\bin\management.dll
0x00007ffed5e90000 - 0x00007ffed5ea3000 	C:\Program Files\Java\jdk1.8.0_301\jre\bin\nio.dll
0x00007fff0d010000 - 0x00007fff0d026000 	C:\WINDOWS\SYSTEM32\dhcpcsvc6.DLL
0x00007fff0d250000 - 0x00007fff0d26c000 	C:\WINDOWS\SYSTEM32\dhcpcsvc.DLL
0x00007fff15450000 - 0x00007fff15483000 	C:\WINDOWS\system32\rsaenh.dll
0x00007fff15fb0000 - 0x00007fff15fd5000 	C:\WINDOWS\SYSTEM32\USERENV.dll
0x00007fff15aa0000 - 0x00007fff15aac000 	C:\WINDOWS\SYSTEM32\CRYPTBASE.dll
0x00007fff0b000000 - 0x00007fff0b024000 	C:\Program Files\Java\jdk1.8.0_301\jre\bin\sunec.dll
0x00007fff0f2f0000 - 0x00007fff0f4e4000 	C:\WINDOWS\SYSTEM32\dbghelp.dll

VM Arguments:
jvm_args: -Dendpoints.shutdown.enabled=true -Denv=development -Dfull.stacktrace=false -Dgrails.env=development -Dgrails.full.stacktrace=false -Dinfo.app.grailsVersion=3.3.11 -Dinfo.app.name=HR -Dinfo.app.version=0.1 -Djdk.reflect.allowGetCallerClass=true -Drun.active=true -Dspring.output.ansi.enabled=always -Dspring.profiles.active -Dspringloaded=inclusions=grails.plugins..*;synchronize=true;allowSplitPackages=true;cacheDir=C:\Users\PC-LENOVO\IdeaProjects\HR\build\springloaded -Dverbose=false -XX:+TieredCompilation -XX:TieredStopAtLevel=1 -XX:CICompilerCount=3 -javaagent:C:\Users\PC-LENOVO\.gradle\caches\modules-2\files-2.1\org.springframework\springloaded\1.2.8.RELEASE\b60bac05b0451cdc1863bfec617f39aa0dcaaa43\springloaded-1.2.8.RELEASE.jar -Xverify:none -Xms768m -Xmx768m -Dfile.encoding=UTF-8 -Duser.country=US -Duser.language=en -Duser.variant 
java_command: hr.Application
java_class_path (initial): C:\Users\PC-LENOVO\IdeaProjects\HR\src\main\resources;C:\Users\PC-LENOVO\IdeaProjects\HR\grails-app\views;C:\Users\PC-LENOVO\IdeaProjects\HR\grails-app\i18n;C:\Users\PC-LENOVO\IdeaProjects\HR\grails-app\conf;C:\Users\PC-LENOVO\IdeaProjects\HR\build\resources\main;C:\Users\PC-LENOVO\IdeaProjects\HR\gsp-classes;C:\Users\PC-LENOVO\IdeaProjects\HR\build\libs\HR-pathing-0.1.jar;C:\Users\PC-LENOVO\IdeaProjects\HR\build\classes\main;C:\Users\PC-LENOVO\.gradle\caches\modules-2\files-2.1\org.springframework\springloaded\1.2.8.RELEASE\b60bac05b0451cdc1863bfec617f39aa0dcaaa43\springloaded-1.2.8.RELEASE.jar
Launcher Type: SUN_STANDARD

Environment Variables:
JAVA_HOME=C:\Program Files\Java\jdk1.8.0_301
PATH=E:\OracleXE18c\dbhomeXE\bin;C:\Program Files (x86)\Common Files\Oracle\Java\javapath;C:\ProgramData\Oracle\Java\javapath;C:\WINDOWS\system32;C:\WINDOWS;C:\WINDOWS\System32\Wbem;C:\WINDOWS\System32\WindowsPowerShell\v1.0\;C:\WINDOWS\System32\OpenSSH\;C:\Program Files\dotnet\;C:\Users\PC-LENOVO\AppData\Local\Microsoft\WindowsApps;C:\Users\PC-LENOVO\AppData\Local\Programs\Microsoft VS Code\bin;C:\dart-sdk\bin;C:\flutter\bin;C:\grails-3.3.11\bin;C:\groovy-3.0.8\bin;C:\gradle-7.1.1\bin;C:\Program Files\Java\jdk1.8.0_301\bin;
USERNAME=AL-BARGHOUTHI4
OS=Windows_NT
PROCESSOR_IDENTIFIER=Intel64 Family 6 Model 142 Stepping 10, GenuineIntel



---------------  S Y S T E M  ---------------

OS: Windows 10.0 , 64 bit Build 18362 (10.0.18362.1500)

CPU:total 8 (initial active 8) (4 cores per cpu, 2 threads per core) family 6 model 142 stepping 10, cmov, cx8, fxsr, mmx, sse, sse2, sse3, ssse3, sse4.1, sse4.2, popcnt, avx, avx2, aes, clmul, erms, 3dnowpref, lzcnt, ht, tsc, tscinvbit, bmi1, bmi2, adx

Memory: 4k page, physical 7797964k(845896k free), swap 23002316k(4951620k free)

vm_info: Java HotSpot(TM) 64-Bit Server VM (25.301-b09) for windows-amd64 JRE (1.8.0_301-b09), built on Jun  9 2021 06:46:21 by "java_re" with MS VC++ 15.9 (VS2017)

time: Sun Aug  1 15:01:27 2021
timezone: West Bank Gaza Daylight Time
elapsed time: 749.387566 seconds (0d 0h 12m 29s)

